<?xml version="1.0" encoding="UTF-8"?>
<coverage generated="1641384346454" clover="3.2.0">
  <project timestamp="1641384346454" name="All files">
    <metrics statements="40" coveredstatements="36" conditionals="4" coveredconditionals="2" methods="23" coveredmethods="19" elements="67" coveredelements="57" complexity="0" loc="40" ncloc="40" packages="1" files="2" classes="2"/>
    <file name="Producer.js" path="/Users/mac/code/refactoring-study/src/chapter04/Producer.js">
      <metrics statements="12" coveredstatements="10" conditionals="4" coveredconditionals="2" methods="6" coveredmethods="4"/>
      <line num="3" count="18" type="stmt"/>
      <line num="4" count="18" type="stmt"/>
      <line num="5" count="18" type="stmt"/>
      <line num="6" count="18" type="cond" truecount="1" falsecount="1"/>
      <line num="10" count="0" type="stmt"/>
      <line num="14" count="44" type="stmt"/>
      <line num="17" count="0" type="stmt"/>
      <line num="21" count="30" type="stmt"/>
      <line num="25" count="1" type="stmt"/>
      <line num="26" count="1" type="cond" truecount="1" falsecount="1"/>
      <line num="27" count="1" type="stmt"/>
      <line num="28" count="1" type="stmt"/>
    </file>
    <file name="Province.js" path="/Users/mac/code/refactoring-study/src/chapter04/Province.js">
      <metrics statements="28" coveredstatements="26" conditionals="0" coveredconditionals="0" methods="17" coveredmethods="15"/>
      <line num="5" count="8" type="stmt"/>
      <line num="6" count="8" type="stmt"/>
      <line num="7" count="8" type="stmt"/>
      <line num="8" count="8" type="stmt"/>
      <line num="9" count="8" type="stmt"/>
      <line num="10" count="8" type="stmt"/>
      <line num="11" count="18" type="stmt"/>
      <line num="16" count="18" type="stmt"/>
      <line num="17" count="18" type="stmt"/>
      <line num="21" count="0" type="stmt"/>
      <line num="25" count="6" type="stmt"/>
      <line num="29" count="12" type="stmt"/>
      <line num="33" count="1" type="stmt"/>
      <line num="37" count="5" type="stmt"/>
      <line num="41" count="5" type="stmt"/>
      <line num="45" count="0" type="stmt"/>
      <line num="49" count="6" type="stmt"/>
      <line num="53" count="5" type="stmt"/>
      <line num="57" count="5" type="stmt"/>
      <line num="61" count="5" type="stmt"/>
      <line num="65" count="5" type="stmt"/>
      <line num="66" count="5" type="stmt"/>
      <line num="67" count="5" type="stmt"/>
      <line num="68" count="16" type="stmt"/>
      <line num="70" count="12" type="stmt"/>
      <line num="71" count="12" type="stmt"/>
      <line num="72" count="12" type="stmt"/>
      <line num="74" count="5" type="stmt"/>
    </file>
  </project>
</coverage>
