{"/Users/mac/code/refactoring-study/src/chapter04/Producer.js": {"path":"/Users/mac/code/refactoring-study/src/chapter04/Producer.js","statementMap":{"0":{"start":{"line":3,"column":8},"end":{"line":3,"column":35}},"1":{"start":{"line":4,"column":8},"end":{"line":4,"column":31}},"2":{"start":{"line":5,"column":8},"end":{"line":5,"column":31}},"3":{"start":{"line":6,"column":8},"end":{"line":6,"column":48}},"4":{"start":{"line":10,"column":8},"end":{"line":10,"column":26}},"5":{"start":{"line":14,"column":8},"end":{"line":14,"column":26}},"6":{"start":{"line":17,"column":8},"end":{"line":17,"column":35}},"7":{"start":{"line":21,"column":8},"end":{"line":21,"column":32}},"8":{"start":{"line":25,"column":23},"end":{"line":25,"column":42}},"9":{"start":{"line":26,"column":30},"end":{"line":26,"column":63}},"10":{"start":{"line":27,"column":8},"end":{"line":27,"column":75}},"11":{"start":{"line":28,"column":8},"end":{"line":28,"column":41}}},"fnMap":{"0":{"name":"(anonymous_0)","decl":{"start":{"line":2,"column":4},"end":{"line":2,"column":5}},"loc":{"start":{"line":2,"column":33},"end":{"line":7,"column":5}},"line":2},"1":{"name":"(anonymous_1)","decl":{"start":{"line":9,"column":4},"end":{"line":9,"column":5}},"loc":{"start":{"line":9,"column":15},"end":{"line":11,"column":5}},"line":9},"2":{"name":"(anonymous_2)","decl":{"start":{"line":13,"column":4},"end":{"line":13,"column":5}},"loc":{"start":{"line":13,"column":15},"end":{"line":15,"column":5}},"line":13},"3":{"name":"(anonymous_3)","decl":{"start":{"line":16,"column":4},"end":{"line":16,"column":5}},"loc":{"start":{"line":16,"column":18},"end":{"line":18,"column":5}},"line":16},"4":{"name":"(anonymous_4)","decl":{"start":{"line":20,"column":4},"end":{"line":20,"column":5}},"loc":{"start":{"line":20,"column":21},"end":{"line":22,"column":5}},"line":20},"5":{"name":"(anonymous_5)","decl":{"start":{"line":24,"column":4},"end":{"line":24,"column":5}},"loc":{"start":{"line":24,"column":30},"end":{"line":29,"column":5}},"line":24}},"branchMap":{"0":{"loc":{"start":{"line":6,"column":27},"end":{"line":6,"column":47}},"type":"binary-expr","locations":[{"start":{"line":6,"column":27},"end":{"line":6,"column":42}},{"start":{"line":6,"column":46},"end":{"line":6,"column":47}}],"line":6},"1":{"loc":{"start":{"line":26,"column":30},"end":{"line":26,"column":63}},"type":"cond-expr","locations":[{"start":{"line":26,"column":53},"end":{"line":26,"column":54}},{"start":{"line":26,"column":57},"end":{"line":26,"column":63}}],"line":26}},"s":{"0":18,"1":18,"2":18,"3":18,"4":0,"5":44,"6":0,"7":30,"8":1,"9":1,"10":1,"11":1},"f":{"0":18,"1":0,"2":44,"3":0,"4":30,"5":1},"b":{"0":[18,0],"1":[0,1]},"_coverageSchema":"1a1c01bbd47fc00a2c39e90264f33305004495a9","hash":"2f639bc5899e4e5b30a038d617e11191a5ac6379"}
,"/Users/mac/code/refactoring-study/src/chapter04/Province.js": {"path":"/Users/mac/code/refactoring-study/src/chapter04/Province.js","statementMap":{"0":{"start":{"line":5,"column":8},"end":{"line":5,"column":30}},"1":{"start":{"line":6,"column":8},"end":{"line":6,"column":29}},"2":{"start":{"line":7,"column":8},"end":{"line":7,"column":34}},"3":{"start":{"line":8,"column":8},"end":{"line":8,"column":34}},"4":{"start":{"line":9,"column":8},"end":{"line":9,"column":32}},"5":{"start":{"line":10,"column":8},"end":{"line":12,"column":11}},"6":{"start":{"line":11,"column":12},"end":{"line":11,"column":52}},"7":{"start":{"line":16,"column":8},"end":{"line":16,"column":34}},"8":{"start":{"line":17,"column":8},"end":{"line":17,"column":48}},"9":{"start":{"line":21,"column":8},"end":{"line":21,"column":26}},"10":{"start":{"line":25,"column":8},"end":{"line":25,"column":39}},"11":{"start":{"line":29,"column":8},"end":{"line":29,"column":37}},"12":{"start":{"line":33,"column":8},"end":{"line":33,"column":36}},"13":{"start":{"line":37,"column":8},"end":{"line":37,"column":28}},"14":{"start":{"line":41,"column":8},"end":{"line":41,"column":27}},"15":{"start":{"line":45,"column":8},"end":{"line":45,"column":36}},"16":{"start":{"line":49,"column":8},"end":{"line":49,"column":51}},"17":{"start":{"line":53,"column":8},"end":{"line":53,"column":51}},"18":{"start":{"line":57,"column":8},"end":{"line":57,"column":49}},"19":{"start":{"line":61,"column":8},"end":{"line":61,"column":60}},"20":{"start":{"line":65,"column":30},"end":{"line":65,"column":41}},"21":{"start":{"line":66,"column":21},"end":{"line":66,"column":22}},"22":{"start":{"line":67,"column":8},"end":{"line":73,"column":15}},"23":{"start":{"line":68,"column":28},"end":{"line":68,"column":43}},"24":{"start":{"line":70,"column":37},"end":{"line":70,"column":76}},"25":{"start":{"line":71,"column":16},"end":{"line":71,"column":48}},"26":{"start":{"line":72,"column":16},"end":{"line":72,"column":48}},"27":{"start":{"line":74,"column":8},"end":{"line":74,"column":22}}},"fnMap":{"0":{"name":"(anonymous_0)","decl":{"start":{"line":4,"column":4},"end":{"line":4,"column":5}},"loc":{"start":{"line":4,"column":21},"end":{"line":13,"column":5}},"line":4},"1":{"name":"(anonymous_1)","decl":{"start":{"line":10,"column":30},"end":{"line":10,"column":31}},"loc":{"start":{"line":10,"column":37},"end":{"line":12,"column":9}},"line":10},"2":{"name":"(anonymous_2)","decl":{"start":{"line":15,"column":4},"end":{"line":15,"column":5}},"loc":{"start":{"line":15,"column":21},"end":{"line":18,"column":5}},"line":15},"3":{"name":"(anonymous_3)","decl":{"start":{"line":20,"column":4},"end":{"line":20,"column":5}},"loc":{"start":{"line":20,"column":15},"end":{"line":22,"column":5}},"line":20},"4":{"name":"(anonymous_4)","decl":{"start":{"line":24,"column":4},"end":{"line":24,"column":5}},"loc":{"start":{"line":24,"column":20},"end":{"line":26,"column":5}},"line":24},"5":{"name":"(anonymous_5)","decl":{"start":{"line":28,"column":4},"end":{"line":28,"column":5}},"loc":{"start":{"line":28,"column":26},"end":{"line":30,"column":5}},"line":28},"6":{"name":"(anonymous_6)","decl":{"start":{"line":32,"column":4},"end":{"line":32,"column":5}},"loc":{"start":{"line":32,"column":29},"end":{"line":34,"column":5}},"line":32},"7":{"name":"(anonymous_7)","decl":{"start":{"line":36,"column":4},"end":{"line":36,"column":5}},"loc":{"start":{"line":36,"column":17},"end":{"line":38,"column":5}},"line":36},"8":{"name":"(anonymous_8)","decl":{"start":{"line":40,"column":4},"end":{"line":40,"column":5}},"loc":{"start":{"line":40,"column":16},"end":{"line":42,"column":5}},"line":40},"9":{"name":"(anonymous_9)","decl":{"start":{"line":44,"column":4},"end":{"line":44,"column":5}},"loc":{"start":{"line":44,"column":19},"end":{"line":46,"column":5}},"line":44},"10":{"name":"(anonymous_10)","decl":{"start":{"line":48,"column":4},"end":{"line":48,"column":5}},"loc":{"start":{"line":48,"column":20},"end":{"line":50,"column":5}},"line":48},"11":{"name":"(anonymous_11)","decl":{"start":{"line":52,"column":4},"end":{"line":52,"column":5}},"loc":{"start":{"line":52,"column":17},"end":{"line":54,"column":5}},"line":52},"12":{"name":"(anonymous_12)","decl":{"start":{"line":56,"column":4},"end":{"line":56,"column":5}},"loc":{"start":{"line":56,"column":22},"end":{"line":58,"column":5}},"line":56},"13":{"name":"(anonymous_13)","decl":{"start":{"line":60,"column":4},"end":{"line":60,"column":5}},"loc":{"start":{"line":60,"column":26},"end":{"line":62,"column":5}},"line":60},"14":{"name":"(anonymous_14)","decl":{"start":{"line":64,"column":4},"end":{"line":64,"column":5}},"loc":{"start":{"line":64,"column":22},"end":{"line":75,"column":5}},"line":64},"15":{"name":"(anonymous_15)","decl":{"start":{"line":68,"column":18},"end":{"line":68,"column":19}},"loc":{"start":{"line":68,"column":28},"end":{"line":68,"column":43}},"line":68},"16":{"name":"(anonymous_16)","decl":{"start":{"line":69,"column":21},"end":{"line":69,"column":22}},"loc":{"start":{"line":69,"column":28},"end":{"line":73,"column":13}},"line":69}},"branchMap":{},"s":{"0":8,"1":8,"2":8,"3":8,"4":8,"5":8,"6":18,"7":18,"8":18,"9":0,"10":6,"11":12,"12":1,"13":5,"14":5,"15":0,"16":6,"17":5,"18":5,"19":5,"20":5,"21":5,"22":5,"23":16,"24":12,"25":12,"26":12,"27":5},"f":{"0":8,"1":18,"2":18,"3":0,"4":6,"5":12,"6":1,"7":5,"8":5,"9":0,"10":6,"11":5,"12":5,"13":5,"14":5,"15":16,"16":12},"b":{},"_coverageSchema":"1a1c01bbd47fc00a2c39e90264f33305004495a9","hash":"215c4a4f21c931c3ff580e9a7af6bb5816e2b35b"}
,"/Users/mac/code/refactoring-study/src/chapter06/index.js": {"path":"/Users/mac/code/refactoring-study/src/chapter06/index.js","statementMap":{"0":{"start":{"line":3,"column":23},"end":{"line":17,"column":1}},"1":{"start":{"line":18,"column":0},"end":{"line":18,"column":20}}},"fnMap":{},"branchMap":{},"s":{"0":1,"1":1},"f":{},"b":{},"_coverageSchema":"1a1c01bbd47fc00a2c39e90264f33305004495a9","hash":"b0d80df5d4c5dba587e913a7e83edcac244c364e"}
,"/Users/mac/code/refactoring-study/src/chapter06/printOwing.js": {"path":"/Users/mac/code/refactoring-study/src/chapter06/printOwing.js","statementMap":{"0":{"start":{"line":2,"column":4},"end":{"line":2,"column":17}},"1":{"start":{"line":3,"column":22},"end":{"line":3,"column":51}},"2":{"start":{"line":4,"column":4},"end":{"line":4,"column":26}},"3":{"start":{"line":5,"column":15},"end":{"line":5,"column":49}},"4":{"start":{"line":9,"column":8},"end":{"line":9,"column":47}},"5":{"start":{"line":10,"column":8},"end":{"line":10,"column":42}},"6":{"start":{"line":11,"column":8},"end":{"line":11,"column":67}},"7":{"start":{"line":13,"column":8},"end":{"line":13,"column":25}},"8":{"start":{"line":14,"column":8},"end":{"line":14,"column":19}},"9":{"start":{"line":16,"column":4},"end":{"line":16,"column":15}},"10":{"start":{"line":19,"column":8},"end":{"line":19,"column":40}},"11":{"start":{"line":20,"column":8},"end":{"line":20,"column":39}},"12":{"start":{"line":21,"column":8},"end":{"line":21,"column":40}},"13":{"start":{"line":26,"column":8},"end":{"line":28,"column":9}},"14":{"start":{"line":27,"column":12},"end":{"line":27,"column":36}},"15":{"start":{"line":29,"column":8},"end":{"line":29,"column":26}},"16":{"start":{"line":35,"column":22},"end":{"line":35,"column":32}},"17":{"start":{"line":36,"column":8},"end":{"line":36,"column":96}}},"fnMap":{"0":{"name":"printOwing","decl":{"start":{"line":1,"column":16},"end":{"line":1,"column":26}},"loc":{"start":{"line":1,"column":36},"end":{"line":39,"column":1}},"line":1},"1":{"name":"printDetails","decl":{"start":{"line":8,"column":13},"end":{"line":8,"column":25}},"loc":{"start":{"line":8,"column":48},"end":{"line":15,"column":5}},"line":8},"2":{"name":"printBanner","decl":{"start":{"line":18,"column":13},"end":{"line":18,"column":24}},"loc":{"start":{"line":18,"column":28},"end":{"line":22,"column":5}},"line":18},"3":{"name":"calculateOutstanding","decl":{"start":{"line":24,"column":13},"end":{"line":24,"column":33}},"loc":{"start":{"line":24,"column":42},"end":{"line":30,"column":5}},"line":24},"4":{"name":"recordDueDate","decl":{"start":{"line":33,"column":13},"end":{"line":33,"column":26}},"loc":{"start":{"line":33,"column":35},"end":{"line":38,"column":5}},"line":33}},"branchMap":{},"s":{"0":2,"1":2,"2":2,"3":2,"4":2,"5":2,"6":2,"7":2,"8":2,"9":2,"10":2,"11":2,"12":2,"13":2,"14":6,"15":2,"16":2,"17":2},"f":{"0":2,"1":2,"2":2,"3":2,"4":2},"b":{},"_coverageSchema":"1a1c01bbd47fc00a2c39e90264f33305004495a9","hash":"03aa420c0011b3461f747ac9d5998abb288b88c4"}
}
