TN:
SF:src/chapter04/Producer.js
FN:2,(anonymous_0)
FN:9,(anonymous_1)
FN:13,(anonymous_2)
FN:16,(anonymous_3)
FN:20,(anonymous_4)
FN:24,(anonymous_5)
FNF:6
FNH:4
FNDA:18,(anonymous_0)
FNDA:0,(anonymous_1)
FNDA:44,(anonymous_2)
FNDA:0,(anonymous_3)
FNDA:30,(anonymous_4)
FNDA:1,(anonymous_5)
DA:3,18
DA:4,18
DA:5,18
DA:6,18
DA:10,0
DA:14,44
DA:17,0
DA:21,30
DA:25,1
DA:26,1
DA:27,1
DA:28,1
LF:12
LH:10
BRDA:6,0,0,18
BRDA:6,0,1,0
BRDA:26,1,0,0
BRDA:26,1,1,1
BRF:4
BRH:2
end_of_record
TN:
SF:src/chapter04/Province.js
FN:4,(anonymous_0)
FN:10,(anonymous_1)
FN:15,(anonymous_2)
FN:20,(anonymous_3)
FN:24,(anonymous_4)
FN:28,(anonymous_5)
FN:32,(anonymous_6)
FN:36,(anonymous_7)
FN:40,(anonymous_8)
FN:44,(anonymous_9)
FN:48,(anonymous_10)
FN:52,(anonymous_11)
FN:56,(anonymous_12)
FN:60,(anonymous_13)
FN:64,(anonymous_14)
FN:68,(anonymous_15)
FN:69,(anonymous_16)
FNF:17
FNH:15
FNDA:8,(anonymous_0)
FNDA:18,(anonymous_1)
FNDA:18,(anonymous_2)
FNDA:0,(anonymous_3)
FNDA:6,(anonymous_4)
FNDA:12,(anonymous_5)
FNDA:1,(anonymous_6)
FNDA:5,(anonymous_7)
FNDA:5,(anonymous_8)
FNDA:0,(anonymous_9)
FNDA:6,(anonymous_10)
FNDA:5,(anonymous_11)
FNDA:5,(anonymous_12)
FNDA:5,(anonymous_13)
FNDA:5,(anonymous_14)
FNDA:16,(anonymous_15)
FNDA:12,(anonymous_16)
DA:5,8
DA:6,8
DA:7,8
DA:8,8
DA:9,8
DA:10,8
DA:11,18
DA:16,18
DA:17,18
DA:21,0
DA:25,6
DA:29,12
DA:33,1
DA:37,5
DA:41,5
DA:45,0
DA:49,6
DA:53,5
DA:57,5
DA:61,5
DA:65,5
DA:66,5
DA:67,5
DA:68,16
DA:70,12
DA:71,12
DA:72,12
DA:74,5
LF:28
LH:26
BRF:0
BRH:0
end_of_record
TN:
SF:src/chapter06/index.js
FNF:0
FNH:0
DA:3,1
DA:18,1
LF:2
LH:2
BRF:0
BRH:0
end_of_record
TN:
SF:src/chapter06/printOwing.js
FN:1,printOwing
FN:23,printDetails
FN:27,printBanner
FNF:3
FNH:3
FNDA:2,printOwing
FNDA:2,printDetails
FNDA:2,printBanner
DA:2,2
DA:3,2
DA:5,2
DA:9,2
DA:10,6
DA:14,2
DA:15,2
DA:17,2
DA:18,2
DA:19,2
DA:21,2
DA:24,2
DA:28,2
DA:29,2
DA:30,2
DA:33,2
LF:16
LH:16
BRF:0
BRH:0
end_of_record
